Determining if the pthread_create exist failed with the following output:
Change Dir: /home/adithya/ReinfLearn/Practice/gz_vizi/build/CMakeFiles/CMakeTmp

Run Build Command:"/usr/bin/make" "cmTC_bec26/fast"
/usr/bin/make -f CMakeFiles/cmTC_bec26.dir/build.make CMakeFiles/cmTC_bec26.dir/build
make[1]: Entering directory '/home/adithya/ReinfLearn/Practice/gz_vizi/build/CMakeFiles/CMakeTmp'
Building C object CMakeFiles/cmTC_bec26.dir/CheckSymbolExists.c.o
/usr/bin/cc    -o CMakeFiles/cmTC_bec26.dir/CheckSymbolExists.c.o   -c /home/adithya/ReinfLearn/Practice/gz_vizi/build/CMakeFiles/CMakeTmp/CheckSymbolExists.c
Linking C executable cmTC_bec26
/usr/local/bin/cmake -E cmake_link_script CMakeFiles/cmTC_bec26.dir/link.txt --verbose=1
/usr/bin/cc      -rdynamic CMakeFiles/cmTC_bec26.dir/CheckSymbolExists.c.o  -o cmTC_bec26 
CMakeFiles/cmTC_bec26.dir/CheckSymbolExists.c.o: In function `main':
CheckSymbolExists.c:(.text+0x16): undefined reference to `pthread_create'
collect2: error: ld returned 1 exit status
CMakeFiles/cmTC_bec26.dir/build.make:86: recipe for target 'cmTC_bec26' failed
make[1]: *** [cmTC_bec26] Error 1
make[1]: Leaving directory '/home/adithya/ReinfLearn/Practice/gz_vizi/build/CMakeFiles/CMakeTmp'
Makefile:121: recipe for target 'cmTC_bec26/fast' failed
make: *** [cmTC_bec26/fast] Error 2

File /home/adithya/ReinfLearn/Practice/gz_vizi/build/CMakeFiles/CMakeTmp/CheckSymbolExists.c:
/* */
#include <pthread.h>

int main(int argc, char** argv)
{
  (void)argv;
#ifndef pthread_create
  return ((int*)(&pthread_create))[argc];
#else
  (void)argc;
  return 0;
#endif
}

Determining if the function pthread_create exists in the pthreads failed with the following output:
Change Dir: /home/adithya/ReinfLearn/Practice/gz_vizi/build/CMakeFiles/CMakeTmp

Run Build Command:"/usr/bin/make" "cmTC_03fe3/fast"
/usr/bin/make -f CMakeFiles/cmTC_03fe3.dir/build.make CMakeFiles/cmTC_03fe3.dir/build
make[1]: Entering directory '/home/adithya/ReinfLearn/Practice/gz_vizi/build/CMakeFiles/CMakeTmp'
Building C object CMakeFiles/cmTC_03fe3.dir/CheckFunctionExists.c.o
/usr/bin/cc   -DCHECK_FUNCTION_EXISTS=pthread_create   -o CMakeFiles/cmTC_03fe3.dir/CheckFunctionExists.c.o   -c /usr/local/share/cmake-3.12/Modules/CheckFunctionExists.c
Linking C executable cmTC_03fe3
/usr/local/bin/cmake -E cmake_link_script CMakeFiles/cmTC_03fe3.dir/link.txt --verbose=1
/usr/bin/cc  -DCHECK_FUNCTION_EXISTS=pthread_create    -rdynamic CMakeFiles/cmTC_03fe3.dir/CheckFunctionExists.c.o  -o cmTC_03fe3 -lpthreads 
/usr/bin/ld: cannot find -lpthreads
collect2: error: ld returned 1 exit status
CMakeFiles/cmTC_03fe3.dir/build.make:86: recipe for target 'cmTC_03fe3' failed
make[1]: *** [cmTC_03fe3] Error 1
make[1]: Leaving directory '/home/adithya/ReinfLearn/Practice/gz_vizi/build/CMakeFiles/CMakeTmp'
Makefile:121: recipe for target 'cmTC_03fe3/fast' failed
make: *** [cmTC_03fe3/fast] Error 2


